[debug] [2021-11-29T15:30:20.400Z] ----------------------------------------------------------------------
[debug] [2021-11-29T15:30:20.401Z] Command:       /usr/local/bin/node /Users/thainamhoang/.config/yarn/global/node_modules/.bin/firebase init
[debug] [2021-11-29T15:30:20.401Z] CLI Version:   9.6.1
[debug] [2021-11-29T15:30:20.401Z] Platform:      darwin
[debug] [2021-11-29T15:30:20.402Z] Node Version:  v15.10.0
[debug] [2021-11-29T15:30:20.402Z] Time:          Mon Nov 29 2021 09:30:20 GMT-0600 (Central Standard Time)
[debug] [2021-11-29T15:30:20.402Z] ----------------------------------------------------------------------
[debug] [2021-11-29T15:30:20.402Z] 
[debug] [2021-11-29T15:30:20.406Z] > command requires scopes: ["email","openid","https://www.googleapis.com/auth/cloudplatformprojects.readonly","https://www.googleapis.com/auth/firebase","https://www.googleapis.com/auth/cloud-platform"]
[debug] [2021-11-29T15:30:20.406Z] > authorizing via signed-in user
[info] 
     ######## #### ########  ######## ########     ###     ######  ########
     ##        ##  ##     ## ##       ##     ##  ##   ##  ##       ##
     ######    ##  ########  ######   ########  #########  ######  ######
     ##        ##  ##    ##  ##       ##     ## ##     ##       ## ##
     ##       #### ##     ## ######## ########  ##     ##  ######  ########

You're about to initialize a Firebase project in this directory:

  /Users/thainamhoang/Desktop/christmas-countdown

[info] 
=== Project Setup
[info] 
[info] First, let's associate this project directory with a Firebase project.
[info] You can create multiple project aliases by running firebase use --add, 
[info] but for now we'll just set up a default project.
[info] 
[debug] [2021-11-29T15:30:23.407Z] >>> [apiv2][query] GET https://firebase.googleapis.com/v1beta1/projects pageSize=100
[debug] [2021-11-29T15:30:24.044Z] <<< [apiv2][status] GET https://firebase.googleapis.com/v1beta1/projects 200
[debug] [2021-11-29T15:30:24.044Z] <<< [apiv2][body] GET https://firebase.googleapis.com/v1beta1/projects [omitted]
[info] i  Using project christmas-countdown-5bee3 (christmas-countdown) 
[info] 
=== Hosting Setup
[info] 
[info] Your public directory is the folder (relative to your project directory) that
[info] will contain Hosting assets to be uploaded with firebase deploy. If you
[info] have a build process for your assets, use your build's output directory.
[info] 
[info] ✔  Wrote public/404.html 
[debug] [2021-11-29T15:30:47.413Z] >>> [apiv2][query] GET https://www.gstatic.com/firebasejs/releases.json [none]
[debug] [2021-11-29T15:30:47.578Z] <<< [apiv2][status] GET https://www.gstatic.com/firebasejs/releases.json 200
[debug] [2021-11-29T15:30:47.578Z] <<< [apiv2][body] GET https://www.gstatic.com/firebasejs/releases.json {"current":{"version":"9.5.0","browserURL":"https://www.gstatic.com/firebasejs/9.5.0/firebase.js","packageURL":"https://www.gstatic.com/firebasejs/9.5.0/firebase.tgz"},"live":{"version":"9.5","browserURL":"https://www.gstatic.com/firebasejs/live/9.5/firebase.js","packageURL":"https://www.gstatic.com/firebasejs/live/9.5/firebase.tgz"},"components":{"analytics":"https://www.gstatic.com/firebasejs/9.5.0/firebase-analytics.js","app":"https://www.gstatic.com/firebasejs/9.5.0/firebase-app.js","app-check":"https://www.gstatic.com/firebasejs/9.5.0/firebase-app-check.js","auth":"https://www.gstatic.com/firebasejs/9.5.0/firebase-auth.js","auth/cordova":"https://www.gstatic.com/firebasejs/9.5.0/firebase-auth/cordova.js","auth/react-native":"https://www.gstatic.com/firebasejs/9.5.0/firebase-auth/react-native.js","functions":"https://www.gstatic.com/firebasejs/9.5.0/firebase-functions.js","firestore":"https://www.gstatic.com/firebasejs/9.5.0/firebase-firestore.js","firestore/lite":"https://www.gstatic.com/firebasejs/9.5.0/firebase-firestore/lite.js","storage":"https://www.gstatic.com/firebasejs/9.5.0/firebase-storage.js","performance":"https://www.gstatic.com/firebasejs/9.5.0/firebase-performance.js","remote-config":"https://www.gstatic.com/firebasejs/9.5.0/firebase-remote-config.js","messaging":"https://www.gstatic.com/firebasejs/9.5.0/firebase-messaging.js","messaging/sw":"https://www.gstatic.com/firebasejs/9.5.0/firebase-messaging/sw.js","database":"https://www.gstatic.com/firebasejs/9.5.0/firebase-database.js","firestore.memory":"https://www.gstatic.com/firebasejs/9.5.0/firebase-firestore.memory.js"}}
[info] ✔  Wrote public/index.html 
[info] 
[info] i  Detected a .git folder at /Users/thainamhoang/Desktop/christmas-countdown 
[info] i  Authorizing with GitHub to upload your service account to a GitHub repository's secrets store. 
[info] 
[info] Visit this URL on this device to log in:
[info] https://github.com/login/oauth/authorize?client_id=89cf50f02ac6aaed3484&state=456453332&redirect_uri=http%3A%2F%2Flocalhost%3A9005&scope=read%3Auser%20repo%20public_repo
[info] 
[info] Waiting for authentication...
[debug] [2021-11-29T15:30:52.778Z] >>> HTTP REQUEST POST https://github.com/login/oauth/access_token  
 {"client_id":"89cf50f02ac6aaed3484","client_secret":"3330d14abc895d9a74d5f17cd7a00711fa2c5bf0","code":"c35d16b33c76d9242bb5","redirect_uri":"http://localhost:9005","state":"456453332"}
[debug] [2021-11-29T15:30:53.000Z] <<< HTTP RESPONSE 200 {"server":"GitHub.com","date":"Mon, 29 Nov 2021 15:30:53 GMT","content-type":"application/json; charset=utf-8","transfer-encoding":"chunked","vary":"X-PJAX, X-PJAX-Container, Accept-Encoding, Accept, X-Requested-With","permissions-policy":"interest-cohort=()","etag":"W/\"3536e760698cebae4aa2f3c793d89e6a\"","cache-control":"max-age=0, private, must-revalidate","strict-transport-security":"max-age=31536000; includeSubdomains; preload","x-frame-options":"deny","x-content-type-options":"nosniff","x-xss-protection":"0","referrer-policy":"origin-when-cross-origin, strict-origin-when-cross-origin","expect-ct":"max-age=2592000, report-uri=\"https://api.github.com/_private/browser/errors\"","content-security-policy":"default-src 'none'; base-uri 'self'; block-all-mixed-content; child-src github.com/assets-cdn/worker/ gist.github.com/assets-cdn/worker/; connect-src 'self' uploads.github.com objects-origin.githubusercontent.com www.githubstatus.com collector.githubapp.com api.github.com github-cloud.s3.amazonaws.com github-production-repository-file-5c1aeb.s3.amazonaws.com github-production-upload-manifest-file-7fdce7.s3.amazonaws.com github-production-user-asset-6210df.s3.amazonaws.com cdn.optimizely.com logx.optimizely.com/v1/events translator.github.com wss://alive.github.com; font-src github.githubassets.com; form-action 'self' github.com gist.github.com objects-origin.githubusercontent.com; frame-ancestors 'none'; frame-src render.githubusercontent.com viewscreen.githubusercontent.com notebooks.githubusercontent.com; img-src 'self' data: github.githubassets.com identicons.github.com collector.githubapp.com github-cloud.s3.amazonaws.com secured-user-images.githubusercontent.com/ *.githubusercontent.com; manifest-src 'self'; media-src github.com user-images.githubusercontent.com/; script-src github.githubassets.com; style-src 'unsafe-inline' github.githubassets.com; worker-src github.com/assets-cdn/worker/ gist.github.com/assets-cdn/worker/","x-github-request-id":"EBC7:4FF5:3D301C:8EBE94:61A4F22C"}
[debug] [2021-11-29T15:30:53.004Z] >>> [apiv2][query] GET https://api.github.com/user [none]
[debug] [2021-11-29T15:30:53.401Z] <<< [apiv2][status] GET https://api.github.com/user 200
[debug] [2021-11-29T15:30:53.401Z] <<< [apiv2][body] GET https://api.github.com/user {"login":"thainamhoang","id":39653408,"node_id":"MDQ6VXNlcjM5NjUzNDA4","avatar_url":"https://avatars.githubusercontent.com/u/39653408?v=4","gravatar_id":"","url":"https://api.github.com/users/thainamhoang","html_url":"https://github.com/thainamhoang","followers_url":"https://api.github.com/users/thainamhoang/followers","following_url":"https://api.github.com/users/thainamhoang/following{/other_user}","gists_url":"https://api.github.com/users/thainamhoang/gists{/gist_id}","starred_url":"https://api.github.com/users/thainamhoang/starred{/owner}{/repo}","subscriptions_url":"https://api.github.com/users/thainamhoang/subscriptions","organizations_url":"https://api.github.com/users/thainamhoang/orgs","repos_url":"https://api.github.com/users/thainamhoang/repos","events_url":"https://api.github.com/users/thainamhoang/events{/privacy}","received_events_url":"https://api.github.com/users/thainamhoang/received_events","type":"User","site_admin":false,"name":"Thai Nam Hoang","company":null,"blog":"thainamhoang.gatsbyjs.io","location":"Beloit, WI","email":null,"hireable":true,"bio":"High School for the Gifted - VNU HCMC 19'\r\n\r\nBeloit 23'","twitter_username":null,"public_repos":18,"public_gists":0,"followers":4,"following":3,"created_at":"2018-05-26T15:58:14Z","updated_at":"2021-11-24T16:06:33Z","private_gists":6,"total_private_repos":4,"owned_private_repos":4,"disk_usage":31494,"collaborators":2,"two_factor_authentication":false,"plan":{"name":"pro","space":976562499,"collaborators":0,"private_repos":9999}}
[info] 
[info] ✔  Success! Logged into GitHub as thainamhoang 
[info] 
